0 info it worked if it ends with ok
1 verbose cli [ '/usr/bin/nodejs', '/usr/bin/npm', 'run', 'docs' ]
2 info using npm@3.5.2
3 info using node@v4.2.6
4 verbose run-script [ 'predocs', 'docs', 'postdocs' ]
5 info lifecycle cornerstone-tools@3.0.0-b.0~predocs: cornerstone-tools@3.0.0-b.0
6 silly lifecycle cornerstone-tools@3.0.0-b.0~predocs: no script for predocs, continuing
7 info lifecycle cornerstone-tools@3.0.0-b.0~docs: cornerstone-tools@3.0.0-b.0
8 verbose lifecycle cornerstone-tools@3.0.0-b.0~docs: unsafe-perm in lifecycle true
9 verbose lifecycle cornerstone-tools@3.0.0-b.0~docs: PATH: /usr/share/npm/bin/node-gyp-bin:/mnt/c/code/CornerstonePlayground/src/cornerstoneTools/node_modules/.bin:/home/db/bin:/home/db/.local/bin:/usr/local/sbin:/usr/local/bin:/usr/sbin:/usr/bin:/sbin:/bin:/usr/games:/usr/local/games:/mnt/c/ProgramData/Oracle/Java/javapath_target_885083062:/mnt/c/Program Files/Microsoft MPI/Bin:/mnt/c/Program Files (x86)/Intel/iCLS Client:/mnt/c/Program Files/Intel/iCLS Client:/mnt/c/Windows/System32:/mnt/c/Windows:/mnt/c/Windows/System32/wbem:/mnt/c/Windows/System32/WindowsPowerShell/v1.0:/mnt/c/Program Files (x86)/Intel/Intel(R) Management Engine Components/DAL:/mnt/c/Program Files/Intel/Intel(R) Management Engine Components/DAL:/mnt/c/Program Files (x86)/Intel/Intel(R) Management Engine Components/IPT:/mnt/c/Program Files/Intel/Intel(R) Management Engine Components/IPT:/mnt/c/Program Files (x86)/NVIDIA Corporation/PhysX/Common:/mnt/c/Program Files/Microsoft SQL Server/130/Tools/Binn:/mnt/c/Program Files (x86)/Microsoft Emulator Manager/1.0:/mnt/c/Program Files/TortoiseSVN/bin:/mnt/c/Program Files/Microsoft SQL Server/120/DTS/Binn:/mnt/c/Program Files/Microsoft SQL Server/Client SDK/ODBC/110/Tools/Binn:/mnt/c/Program Files (x86)/Microsoft SQL Server/120/Tools/Binn:/mnt/c/Program Files/Microsoft SQL Server/120/Tools/Binn:/mnt/c/Program Files (x86)/Microsoft SQL Server/120/Tools/Binn/ManagementStudio:/mnt/c/Program Files (x86)/Microsoft SQL Server/120/DTS/Binn:/mnt/c/Program Files/dotnet:/mnt/c/Windows/System32:/mnt/c/Windows:/mnt/c/Windows/System32/wbem:/mnt/c/Windows/System32/WindowsPowerShell/v1.0:/mnt/c/Program Files (x86)/Microsoft SQL Server/90/Tools/Binn:/mnt/c/Program Files/PuTTY:/mnt/c/Program Files/nodejs:/mnt/c/Program Files (x86)/dotnet:/mnt/c/Program Files/OpenSSH:/mnt/c/Program Files (x86)/Yarn/bin:/mnt/c/Windows/System32/OpenSSH:/mnt/c/Program Files/Microsoft VS Code/bin:/mnt/c/Program Files/Git/cmd:/mnt/c/Users/Danny/AppData/Local/Programs/Python/Python36/Scripts:/mnt/c/Users/Danny/AppData/Local/Programs/Python/Python36:/mnt/c/Users/Danny/AppData/Local/Microsoft/WindowsApps:/mnt/c/code:/mnt/c/Users/Danny/AppData/Local/GitHubDesktop/bin:/mnt/c/Users/Danny/AppData/Roaming/npm:/mnt/c/Users/Danny/AppData/Local/Microsoft/WindowsApps:/mnt/c/Program Files/Microsoft VS Code/bin:/mnt/c/Users/Danny/AppData/Local/Yarn/bin:/mnt/c/Program Files (x86)/FAHClient:/mnt/c/Users/Danny/AppData/Local/Programs/Microsoft VS Code/bin:/snap/bin
10 verbose lifecycle cornerstone-tools@3.0.0-b.0~docs: CWD: /mnt/c/code/CornerstonePlayground/src/cornerstoneTools
11 silly lifecycle cornerstone-tools@3.0.0-b.0~docs: Args: [ '-c',
11 silly lifecycle   'npm run docs:api && cd ./docs/latest && gitbook install && gitbook serve' ]
12 silly lifecycle cornerstone-tools@3.0.0-b.0~docs: Returned: code: 1  signal: null
13 info lifecycle cornerstone-tools@3.0.0-b.0~docs: Failed to exec docs script
14 verbose stack Error: cornerstone-tools@3.0.0-b.0 docs: `npm run docs:api && cd ./docs/latest && gitbook install && gitbook serve`
14 verbose stack Exit status 1
14 verbose stack     at EventEmitter.<anonymous> (/usr/share/npm/lib/utils/lifecycle.js:232:16)
14 verbose stack     at emitTwo (events.js:87:13)
14 verbose stack     at EventEmitter.emit (events.js:172:7)
14 verbose stack     at ChildProcess.<anonymous> (/usr/share/npm/lib/utils/spawn.js:24:14)
14 verbose stack     at emitTwo (events.js:87:13)
14 verbose stack     at ChildProcess.emit (events.js:172:7)
14 verbose stack     at maybeClose (internal/child_process.js:821:16)
14 verbose stack     at Process.ChildProcess._handle.onexit (internal/child_process.js:211:5)
15 verbose pkgid cornerstone-tools@3.0.0-b.0
16 verbose cwd /mnt/c/code/CornerstonePlayground/src/cornerstoneTools
17 error Linux 4.4.0-17134-Microsoft
18 error argv "/usr/bin/nodejs" "/usr/bin/npm" "run" "docs"
19 error node v4.2.6
20 error npm  v3.5.2
21 error code ELIFECYCLE
22 error cornerstone-tools@3.0.0-b.0 docs: `npm run docs:api && cd ./docs/latest && gitbook install && gitbook serve`
22 error Exit status 1
23 error Failed at the cornerstone-tools@3.0.0-b.0 docs script 'npm run docs:api && cd ./docs/latest && gitbook install && gitbook serve'.
23 error Make sure you have the latest version of node.js and npm installed.
23 error If you do, this is most likely a problem with the cornerstone-tools package,
23 error not with npm itself.
23 error Tell the author that this fails on your system:
23 error     npm run docs:api && cd ./docs/latest && gitbook install && gitbook serve
23 error You can get information on how to open an issue for this project with:
23 error     npm bugs cornerstone-tools
23 error Or if that isn't available, you can get their info via:
23 error     npm owner ls cornerstone-tools
23 error There is likely additional logging output above.
24 verbose exit [ 1, true ]
